<?xml version="1.0" encoding="utf-8"?><testsuites name="pytest tests"><testsuite name="pytest" errors="0" failures="0" skipped="0" tests="47" time="5.527" timestamp="2026-07-12T11:07:04.657283+00:00" hostname="agent-env-36bc042f-c80e-4920-ab46-c35cf13d1810"><testcase classname="tests.backend_test.TestAuth" name="test_register_new_user" time="0.484" /><testcase classname="tests.backend_test.TestPublicContent" name="test_tours_list" time="0.381" /><testcase classname="tests.backend_test.TestPublicContent" name="test_tour_by_slug" time="0.128" /><testcase classname="tests.backend_test.TestAuth" name="test_register_duplicate_email" time="0.096" /><testcase classname="tests.backend_test.TestPublicContent" name="test_tour_not_found" time="0.082" /><testcase classname="tests.backend_test.TestAuth" name="test_login_admin" time="0.359" /><testcase classname="tests.backend_test.TestPublicContent" name="test_countries_list" time="0.043" /><testcase classname="tests.backend_test.TestPublicContent" name="test_country_by_slug" time="0.303" /><testcase classname="tests.backend_test.TestAuth" name="test_login_demo_user" time="0.314" /><testcase classname="tests.backend_test.TestPublicContent" name="test_stats_public" time="0.044" /><testcase classname="tests.backend_test.TestPublicContent" name="test_reviews" time="0.043" /><testcase classname="tests.backend_test.TestPublicContent" name="test_blog_list_and_detail" time="0.266" /><testcase classname="tests.backend_test.TestAuth" name="test_login_wrong_password" time="0.360" /><testcase classname="tests.backend_test.TestPublicContent" name="test_faq" time="0.044" /><testcase classname="tests.backend_test.TestPublicContent" name="test_partners" time="0.234" /><testcase classname="tests.backend_test.TestPublicContent" name="test_testimonials" time="0.045" /><testcase classname="tests.backend_test.TestPublicContent" name="test_gallery" time="0.042" /><testcase classname="tests.backend_test.TestAuth" name="test_me_with_bearer" time="0.422" /><testcase classname="tests.backend_test.TestBookings" name="test_create_booking_guest" time="0.371" /><testcase classname="tests.backend_test.TestAuth" name="test_me_with_cookie" time="0.568" /><testcase classname="tests.backend_test.TestBookings" name="test_create_booking_authenticated" time="0.529" /><testcase classname="tests.backend_test.TestBookings" name="test_my_bookings_requires_auth" time="0.102" /><testcase classname="tests.backend_test.TestAuth" name="test_me_unauthorized" time="0.103" /><testcase classname="tests.backend_test.TestBookings" name="test_my_bookings_returns_only_mine" time="0.097" /><testcase classname="tests.backend_test.TestAuth" name="test_google_session_invalid" time="0.206" /><testcase classname="tests.backend_test.TestBookings" name="test_all_bookings_requires_admin" time="0.127" /><testcase classname="tests.backend_test.TestBookings" name="test_all_bookings_admin_ok" time="0.515" /><testcase classname="tests.backend_test.TestAdmin" name="test_admin_stats_requires_admin" time="0.581" /><testcase classname="tests.backend_test.TestBookings" name="test_update_booking_status_admin" time="0.241" /><testcase classname="tests.backend_test.TestAdmin" name="test_admin_stats_ok" time="0.097" /><testcase classname="tests.backend_test.TestAdmin" name="test_users_list_requires_admin" time="0.100" /><testcase classname="tests.backend_test.TestBookings" name="test_update_booking_status_forbidden_for_user" time="0.095" /><testcase classname="tests.backend_test.TestAdmin" name="test_users_list_admin" time="0.100" /><testcase classname="tests.backend_test.TestSettings" name="test_get_public" time="0.096" /><testcase classname="tests.backend_test.TestAdmin" name="test_role_update_requires_super_admin" time="0.096" /><testcase classname="tests.backend_test.TestSettings" name="test_put_requires_admin" time="0.094" /><testcase classname="tests.backend_test.TestAdmin" name="test_role_update_admin_ok" time="0.199" /><testcase classname="tests.backend_test.TestSettings" name="test_put_admin_ok" time="0.188" /><testcase classname="tests.backend_test.TestChat" name="test_chat_sessions_requires_admin" time="0.097" /><testcase classname="tests.backend_test.TestPayments" name="test_payment_receipt_requires_auth" time="0.135" /><testcase classname="tests.backend_test.TestChat" name="test_chat_sessions_admin_ok" time="0.139" /><testcase classname="tests.backend_test.TestPayments" name="test_payment_flow_and_verify_confirms_booking" time="0.511" /><testcase classname="tests.backend_test.TestChat" name="test_websocket_message_flow" time="0.298" /><testcase classname="tests.backend_test.TestHealth" name="test_root" time="0.042" /><testcase classname="tests.backend_test.TestCORS" name="test_cors_preflight" time="0.069" /><testcase classname="tests.backend_test.TestFavorites" name="test_toggle_requires_auth" time="0.093" /><testcase classname="tests.backend_test.TestFavorites" name="test_toggle_favorite_flow" time="0.193" /></testsuite></testsuites>